<?xml version="1.0" encoding="UTF-8"?>
<testng-results ignored="0" total="2" passed="2" failed="0" skipped="0">
  <reporter-output>
    <line>
      <![CDATA[Lunching Browser...]]>
    </line>
    <line>
      <![CDATA[Sending Mobile No...]]>
    </line>
    <line>
      <![CDATA[Clicking on signin button...]]>
    </line>
    <line>
      <![CDATA[Sending Password No...]]>
    </line>
    <line>
      <![CDATA[Clicking on submit button..]]>
    </line>
    <line>
      <![CDATA[handling Popup...]]>
    </line>
    <line>
      <![CDATA[Actual Username and Expected Username are Matching...TC PASSED..]]>
    </line>
    <line>
      <![CDATA[Test ValidateUsername is completed successfully]]>
    </line>
    <line>
      <![CDATA[Logged out sucussfully.....]]>
    </line>
    <line>
      <![CDATA[Close Browser sucussfully.....]]>
    </line>
    <line>
      <![CDATA[Sending Mobile No...]]>
    </line>
    <line>
      <![CDATA[Clicking on signin button...]]>
    </line>
    <line>
      <![CDATA[Sending Password No...]]>
    </line>
    <line>
      <![CDATA[Clicking on submit button..]]>
    </line>
    <line>
      <![CDATA[Test ValidateFunds is completed successfully]]>
    </line>
    <line>
      <![CDATA[Logged out sucussfully.....]]>
    </line>
    <line>
      <![CDATA[Close Browser sucussfully.....]]>
    </line>
  </reporter-output>
  <suite started-at="2022-11-29T12:48:07 IST" name="Default suite" finished-at="2022-11-29T12:48:54 IST" duration-ms="46320">
    <groups>
    </groups>
    <test started-at="2022-11-29T12:48:07 IST" name="Default test" finished-at="2022-11-29T12:48:54 IST" duration-ms="46320">
      <class name="testClasses.TestClass">
        <test-method is-config="true" signature="openBrowser()[pri:0, instance:testClasses.TestClass@957e06]" started-at="2022-11-29T12:48:07 IST" name="openBrowser" finished-at="2022-11-29T12:48:20 IST" duration-ms="12595" status="PASS">
          <reporter-output>
            <line>
              <![CDATA[Lunching Browser...]]>
            </line>
          </reporter-output>
        </test-method> <!-- openBrowser -->
        <test-method is-config="true" signature="LoginToNeostox()[pri:0, instance:testClasses.TestClass@957e06]" started-at="2022-11-29T12:48:20 IST" name="LoginToNeostox" finished-at="2022-11-29T12:48:28 IST" duration-ms="8157" status="PASS">
          <reporter-output>
            <line>
              <![CDATA[Sending Mobile No...]]>
            </line>
            <line>
              <![CDATA[Clicking on signin button...]]>
            </line>
            <line>
              <![CDATA[Sending Password No...]]>
            </line>
            <line>
              <![CDATA[Clicking on submit button..]]>
            </line>
          </reporter-output>
        </test-method> <!-- LoginToNeostox -->
        <test-method signature="ValidateUsername()[pri:0, instance:testClasses.TestClass@957e06]" started-at="2022-11-29T12:48:28 IST" name="ValidateUsername" finished-at="2022-11-29T12:48:38 IST" duration-ms="9867" status="PASS">
          <reporter-output>
            <line>
              <![CDATA[handling Popup...]]>
            </line>
            <line>
              <![CDATA[Actual Username and Expected Username are Matching...TC PASSED..]]>
            </line>
            <line>
              <![CDATA[Test ValidateUsername is completed successfully]]>
            </line>
          </reporter-output>
        </test-method> <!-- ValidateUsername -->
        <test-method is-config="true" signature="Logout()[pri:0, instance:testClasses.TestClass@957e06]" started-at="2022-11-29T12:48:38 IST" name="Logout" finished-at="2022-11-29T12:48:38 IST" duration-ms="308" status="PASS">
          <reporter-output>
            <line>
              <![CDATA[Logged out sucussfully.....]]>
            </line>
            <line>
              <![CDATA[Close Browser sucussfully.....]]>
            </line>
          </reporter-output>
        </test-method> <!-- Logout -->
        <test-method is-config="true" signature="LoginToNeostox()[pri:0, instance:testClasses.TestClass@957e06]" started-at="2022-11-29T12:48:38 IST" name="LoginToNeostox" finished-at="2022-11-29T12:48:47 IST" duration-ms="8869" status="PASS">
          <reporter-output>
            <line>
              <![CDATA[Sending Mobile No...]]>
            </line>
            <line>
              <![CDATA[Clicking on signin button...]]>
            </line>
            <line>
              <![CDATA[Sending Password No...]]>
            </line>
            <line>
              <![CDATA[Clicking on submit button..]]>
            </line>
          </reporter-output>
        </test-method> <!-- LoginToNeostox -->
        <test-method signature="ValidateFunds()[pri:1, instance:testClasses.TestClass@957e06]" started-at="2022-11-29T12:48:47 IST" name="ValidateFunds" finished-at="2022-11-29T12:48:53 IST" duration-ms="5582" status="PASS">
          <reporter-output>
            <line>
              <![CDATA[Test ValidateFunds is completed successfully]]>
            </line>
          </reporter-output>
        </test-method> <!-- ValidateFunds -->
        <test-method is-config="true" signature="Logout()[pri:0, instance:testClasses.TestClass@957e06]" started-at="2022-11-29T12:48:53 IST" name="Logout" finished-at="2022-11-29T12:48:54 IST" duration-ms="776" status="PASS">
          <reporter-output>
            <line>
              <![CDATA[Logged out sucussfully.....]]>
            </line>
            <line>
              <![CDATA[Close Browser sucussfully.....]]>
            </line>
          </reporter-output>
        </test-method> <!-- Logout -->
        <test-method is-config="true" signature="CloseBrowser(org.openqa.selenium.WebDriver)[pri:0, instance:testClasses.TestClass@957e06]" started-at="2022-11-29T12:48:54 IST" name="CloseBrowser" finished-at="1970-01-01T05:30:00 IST" duration-ms="-1669706334013" status="FAIL">
          <exception class="org.testng.TestNGException">
            <message>
              <![CDATA[
Can inject only one of <ITestContext, XmlTest> into a @AfterClass annotated CloseBrowser.
For more information on native dependency injection please refer to https://testng.org/doc/documentation-main.html#native-dependency-injection]]>
            </message>
            <full-stacktrace>
              <![CDATA[org.testng.TestNGException: 
Can inject only one of <ITestContext, XmlTest> into a @AfterClass annotated CloseBrowser.
For more information on native dependency injection please refer to https://testng.org/doc/documentation-main.html#native-dependency-injection
at org.testng.internal.Parameters.checkParameterTypes(Parameters.java:439)
at org.testng.internal.Parameters.createParametersForMethod(Parameters.java:353)
at org.testng.internal.Parameters.createParameters(Parameters.java:708)
at org.testng.internal.Parameters.createConfigurationParameters(Parameters.java:168)
at org.testng.internal.ConfigInvoker.invokeConfigurations(ConfigInvoker.java:302)
at org.testng.internal.TestMethodWorker.invokeAfterClassMethods(TestMethodWorker.java:217)
at org.testng.internal.TestMethodWorker.run(TestMethodWorker.java:130)
at java.base/java.util.ArrayList.forEach(ArrayList.java:1541)
at org.testng.TestRunner.privateRun(TestRunner.java:794)
at org.testng.TestRunner.run(TestRunner.java:596)
at org.testng.SuiteRunner.runTest(SuiteRunner.java:377)
at org.testng.SuiteRunner.runSequentially(SuiteRunner.java:371)
at org.testng.SuiteRunner.privateRun(SuiteRunner.java:332)
at org.testng.SuiteRunner.run(SuiteRunner.java:276)
at org.testng.SuiteRunnerWorker.runSuite(SuiteRunnerWorker.java:53)
at org.testng.SuiteRunnerWorker.run(SuiteRunnerWorker.java:96)
at org.testng.TestNG.runSuitesSequentially(TestNG.java:1212)
at org.testng.TestNG.runSuitesLocally(TestNG.java:1134)
at org.testng.TestNG.runSuites(TestNG.java:1063)
at org.testng.TestNG.run(TestNG.java:1031)
at org.testng.remote.AbstractRemoteTestNG.run(AbstractRemoteTestNG.java:115)
at org.testng.remote.RemoteTestNG.initAndRun(RemoteTestNG.java:251)
at org.testng.remote.RemoteTestNG.main(RemoteTestNG.java:77)
]]>
            </full-stacktrace>
          </exception> <!-- org.testng.TestNGException -->
          <reporter-output>
          </reporter-output>
        </test-method> <!-- CloseBrowser -->
      </class> <!-- testClasses.TestClass -->
    </test> <!-- Default test -->
  </suite> <!-- Default suite -->
</testng-results>
